<?xml version="1.0" encoding="UTF-8"?>
<!-- Generated by org.testng.reporters.JUnitReportReporter -->
<testsuite hostname="DESKTOP-FG8REQU" failures="0" tests="4" name="CrowdTestNgRunner" time="23.096" errors="0" timestamp="22 may. 2024 04:35:55 GMT" skipped="0">
  <testcase classname="CrowdTestNgRunner" name="runScenario" time="5.751"/>
  <testcase classname="CrowdTestNgRunner" name="runScenario" time="5.251"/>
  <testcase classname="CrowdTestNgRunner" name="runScenario" time="7.062"/>
  <testcase classname="CrowdTestNgRunner" name="runScenario" time="5.032"/>
</testsuite> <!-- CrowdTestNgRunner -->
